1753797356: mosquitto version 2.0.22 starting
1753797356: Config loaded from /mosquitto/config/mosquitto.conf.
1753797356: Opening ipv4 listen socket on port 1883.
1753797356: Opening ipv6 listen socket on port 1883.
1753797356: Opening websockets listen socket on port 9001.
1753797356: mosquitto version 2.0.22 running
1753799236: New connection from 172.18.0.4:40125 on port 1883.
1753799236: New client connected from 172.18.0.4:40125 as auto-00D0FC91-DB45-8754-FF45-BF83F55EE39C (p2, c1, k60).
1753799236: No will message specified.
1753799236: Sending CONNACK to auto-00D0FC91-DB45-8754-FF45-BF83F55EE39C (0, 0)
1753799236: Received SUBSCRIBE from auto-00D0FC91-DB45-8754-FF45-BF83F55EE39C
1753799236: 	aircraft/# (QoS 0)
1753799236: auto-00D0FC91-DB45-8754-FF45-BF83F55EE39C 0 aircraft/#
1753799236: Sending SUBACK to auto-00D0FC91-DB45-8754-FF45-BF83F55EE39C
1753799296: Received PINGREQ from auto-00D0FC91-DB45-8754-FF45-BF83F55EE39C
1753799296: Sending PINGRESP to auto-00D0FC91-DB45-8754-FF45-BF83F55EE39C
1753799356: Received PINGREQ from auto-00D0FC91-DB45-8754-FF45-BF83F55EE39C
1753799356: Sending PINGRESP to auto-00D0FC91-DB45-8754-FF45-BF83F55EE39C
1753799417: Received PINGREQ from auto-00D0FC91-DB45-8754-FF45-BF83F55EE39C
1753799417: Sending PINGRESP to auto-00D0FC91-DB45-8754-FF45-BF83F55EE39C
1753799477: Received PINGREQ from auto-00D0FC91-DB45-8754-FF45-BF83F55EE39C
1753799477: Sending PINGRESP to auto-00D0FC91-DB45-8754-FF45-BF83F55EE39C
1753799537: Received PINGREQ from auto-00D0FC91-DB45-8754-FF45-BF83F55EE39C
1753799537: Sending PINGRESP to auto-00D0FC91-DB45-8754-FF45-BF83F55EE39C
1753799548: New connection from 172.18.0.5:47516 on port 1883.
1753799548: New client connected from 172.18.0.5:47516 as auto-BA00570D-2E85-0454-CAD7-F6CEBFF9DF43 (p2, c1, k60).
1753799548: No will message specified.
1753799548: Sending CONNACK to auto-BA00570D-2E85-0454-CAD7-F6CEBFF9DF43 (0, 0)
1753799548: Received PUBLISH from auto-BA00570D-2E85-0454-CAD7-F6CEBFF9DF43 (d0, q0, r0, m0, 'aircraft/engine/temperature', ... (166 bytes))
1753799548: Sending PUBLISH to auto-00D0FC91-DB45-8754-FF45-BF83F55EE39C (d0, q0, r0, m0, 'aircraft/engine/temperature', ... (166 bytes))
1753799548: Received DISCONNECT from auto-BA00570D-2E85-0454-CAD7-F6CEBFF9DF43
1753799548: Client auto-BA00570D-2E85-0454-CAD7-F6CEBFF9DF43 disconnected.
1753799597: Received PINGREQ from auto-00D0FC91-DB45-8754-FF45-BF83F55EE39C
1753799597: Sending PINGRESP to auto-00D0FC91-DB45-8754-FF45-BF83F55EE39C
1753799602: New connection from 192.168.65.1:65026 on port 1883.
1753799602: Client <unknown> disconnected due to protocol error.
1753799602: New connection from 192.168.65.1:32797 on port 1883.
1753799602: Client <unknown> disconnected due to protocol error.
1753799602: New connection from 192.168.65.1:31558 on port 1883.
1753799602: Client <unknown> disconnected due to protocol error.
1753799602: New connection from 192.168.65.1:58735 on port 1883.
1753799602: Client <unknown> disconnected due to protocol error.
1753799602: New connection from 192.168.65.1:16907 on port 1883.
1753799602: Client <unknown> disconnected due to protocol error.
1753799602: New connection from 192.168.65.1:18061 on port 1883.
1753799602: Client <unknown> disconnected due to protocol error.
1753799602: New connection from 192.168.65.1:55414 on port 1883.
1753799602: Client <unknown> disconnected due to protocol error.
1753799602: New connection from 192.168.65.1:39531 on port 1883.
1753799602: Client <unknown> disconnected due to protocol error.
1753799602: New connection from 192.168.65.1:45139 on port 1883.
1753799602: Client <unknown> disconnected due to protocol error.
1753799602: New connection from 192.168.65.1:46640 on port 1883.
1753799602: Client <unknown> disconnected due to protocol error.
1753799651: New connection from 172.18.0.5:42412 on port 1883.
1753799651: New client connected from 172.18.0.5:42412 as auto-1002B578-D76D-F6E1-44A3-CBD5C0834828 (p2, c1, k60).
1753799651: No will message specified.
1753799651: Sending CONNACK to auto-1002B578-D76D-F6E1-44A3-CBD5C0834828 (0, 0)
1753799651: Received SUBSCRIBE from auto-1002B578-D76D-F6E1-44A3-CBD5C0834828
1753799651: 	aircraft/# (QoS 0)
1753799651: auto-1002B578-D76D-F6E1-44A3-CBD5C0834828 0 aircraft/#
1753799651: Sending SUBACK to auto-1002B578-D76D-F6E1-44A3-CBD5C0834828
1753799656: New connection from 172.18.0.6:51000 on port 1883.
1753799656: New client connected from 172.18.0.6:51000 as auto-D4DD2911-8820-4DEF-D09E-4625E6678867 (p2, c1, k60).
1753799656: No will message specified.
1753799656: Sending CONNACK to auto-D4DD2911-8820-4DEF-D09E-4625E6678867 (0, 0)
1753799656: Received PUBLISH from auto-D4DD2911-8820-4DEF-D09E-4625E6678867 (d0, q0, r0, m0, 'aircraft/engine/temperature', ... (166 bytes))
1753799656: Sending PUBLISH to auto-00D0FC91-DB45-8754-FF45-BF83F55EE39C (d0, q0, r0, m0, 'aircraft/engine/temperature', ... (166 bytes))
1753799656: Sending PUBLISH to auto-1002B578-D76D-F6E1-44A3-CBD5C0834828 (d0, q0, r0, m0, 'aircraft/engine/temperature', ... (166 bytes))
1753799656: Received DISCONNECT from auto-D4DD2911-8820-4DEF-D09E-4625E6678867
1753799656: Client auto-D4DD2911-8820-4DEF-D09E-4625E6678867 disconnected.
1753799658: Received PINGREQ from auto-00D0FC91-DB45-8754-FF45-BF83F55EE39C
1753799658: Sending PINGRESP to auto-00D0FC91-DB45-8754-FF45-BF83F55EE39C
1753799711: Received PINGREQ from auto-1002B578-D76D-F6E1-44A3-CBD5C0834828
1753799711: Sending PINGRESP to auto-1002B578-D76D-F6E1-44A3-CBD5C0834828
1753799718: Received PINGREQ from auto-00D0FC91-DB45-8754-FF45-BF83F55EE39C
1753799718: Sending PINGRESP to auto-00D0FC91-DB45-8754-FF45-BF83F55EE39C
1753799771: Received PINGREQ from auto-1002B578-D76D-F6E1-44A3-CBD5C0834828
1753799771: Sending PINGRESP to auto-1002B578-D76D-F6E1-44A3-CBD5C0834828
1753799778: Received PINGREQ from auto-00D0FC91-DB45-8754-FF45-BF83F55EE39C
1753799778: Sending PINGRESP to auto-00D0FC91-DB45-8754-FF45-BF83F55EE39C
1753799831: Received PINGREQ from auto-1002B578-D76D-F6E1-44A3-CBD5C0834828
1753799831: Sending PINGRESP to auto-1002B578-D76D-F6E1-44A3-CBD5C0834828
1753799839: Received PINGREQ from auto-00D0FC91-DB45-8754-FF45-BF83F55EE39C
1753799839: Sending PINGRESP to auto-00D0FC91-DB45-8754-FF45-BF83F55EE39C
1753799891: Received PINGREQ from auto-1002B578-D76D-F6E1-44A3-CBD5C0834828
1753799891: Sending PINGRESP to auto-1002B578-D76D-F6E1-44A3-CBD5C0834828
1753799899: Received PINGREQ from auto-00D0FC91-DB45-8754-FF45-BF83F55EE39C
1753799899: Sending PINGRESP to auto-00D0FC91-DB45-8754-FF45-BF83F55EE39C
1753799951: Received PINGREQ from auto-1002B578-D76D-F6E1-44A3-CBD5C0834828
1753799951: Sending PINGRESP to auto-1002B578-D76D-F6E1-44A3-CBD5C0834828
1753799959: Received PINGREQ from auto-00D0FC91-DB45-8754-FF45-BF83F55EE39C
1753799959: Sending PINGRESP to auto-00D0FC91-DB45-8754-FF45-BF83F55EE39C
1753800011: Received PINGREQ from auto-1002B578-D76D-F6E1-44A3-CBD5C0834828
1753800011: Sending PINGRESP to auto-1002B578-D76D-F6E1-44A3-CBD5C0834828
1753800019: Received PINGREQ from auto-00D0FC91-DB45-8754-FF45-BF83F55EE39C
1753800019: Sending PINGRESP to auto-00D0FC91-DB45-8754-FF45-BF83F55EE39C
1753800071: Received PINGREQ from auto-1002B578-D76D-F6E1-44A3-CBD5C0834828
1753800071: Sending PINGRESP to auto-1002B578-D76D-F6E1-44A3-CBD5C0834828
1753800080: Received PINGREQ from auto-00D0FC91-DB45-8754-FF45-BF83F55EE39C
1753800080: Sending PINGRESP to auto-00D0FC91-DB45-8754-FF45-BF83F55EE39C
1753800084: Client auto-00D0FC91-DB45-8754-FF45-BF83F55EE39C closed its connection.
1753800085: mosquitto version 2.0.22 terminating
1753800125: mosquitto version 2.0.22 starting
1753800125: Config loaded from /mosquitto/config/mosquitto.conf.
1753800125: Opening ipv4 listen socket on port 1883.
1753800125: Opening ipv6 listen socket on port 1883.
1753800125: Opening websockets listen socket on port 9001.
1753800125: mosquitto version 2.0.22 running
1753800125: New connection from 172.19.0.4:39091 on port 1883.
1753800125: New client connected from 172.19.0.4:39091 as auto-5E23B772-34D3-02A6-DE7B-7FC80F0CD886 (p2, c1, k60).
1753800125: No will message specified.
1753800125: Sending CONNACK to auto-5E23B772-34D3-02A6-DE7B-7FC80F0CD886 (0, 0)
1753800125: Received SUBSCRIBE from auto-5E23B772-34D3-02A6-DE7B-7FC80F0CD886
1753800125: 	aircraft/# (QoS 0)
1753800125: auto-5E23B772-34D3-02A6-DE7B-7FC80F0CD886 0 aircraft/#
1753800125: Sending SUBACK to auto-5E23B772-34D3-02A6-DE7B-7FC80F0CD886
1753800186: Received PINGREQ from auto-5E23B772-34D3-02A6-DE7B-7FC80F0CD886
1753800186: Sending PINGRESP to auto-5E23B772-34D3-02A6-DE7B-7FC80F0CD886
1753800206: Client auto-5E23B772-34D3-02A6-DE7B-7FC80F0CD886 closed its connection.
1753800206: mosquitto version 2.0.22 terminating
1753800219: mosquitto version 2.0.22 starting
1753800219: Config loaded from /mosquitto/config/mosquitto.conf.
1753800219: Opening ipv4 listen socket on port 1883.
1753800219: Opening ipv6 listen socket on port 1883.
1753800219: Opening websockets listen socket on port 9001.
1753800219: mosquitto version 2.0.22 running
1753800219: New connection from 172.19.0.4:39325 on port 1883.
1753800219: New client connected from 172.19.0.4:39325 as auto-0A92714E-81ED-00D9-2068-7C0F6AE2F4B1 (p2, c1, k60).
1753800219: No will message specified.
1753800219: Sending CONNACK to auto-0A92714E-81ED-00D9-2068-7C0F6AE2F4B1 (0, 0)
1753800219: Received SUBSCRIBE from auto-0A92714E-81ED-00D9-2068-7C0F6AE2F4B1
1753800219: 	aircraft/# (QoS 0)
1753800219: auto-0A92714E-81ED-00D9-2068-7C0F6AE2F4B1 0 aircraft/#
1753800219: Sending SUBACK to auto-0A92714E-81ED-00D9-2068-7C0F6AE2F4B1
1753800279: Received PINGREQ from auto-0A92714E-81ED-00D9-2068-7C0F6AE2F4B1
1753800279: Sending PINGRESP to auto-0A92714E-81ED-00D9-2068-7C0F6AE2F4B1
1753800339: Received PINGREQ from auto-0A92714E-81ED-00D9-2068-7C0F6AE2F4B1
1753800339: Sending PINGRESP to auto-0A92714E-81ED-00D9-2068-7C0F6AE2F4B1
1753800400: Received PINGREQ from auto-0A92714E-81ED-00D9-2068-7C0F6AE2F4B1
1753800400: Sending PINGRESP to auto-0A92714E-81ED-00D9-2068-7C0F6AE2F4B1
1753800460: Received PINGREQ from auto-0A92714E-81ED-00D9-2068-7C0F6AE2F4B1
1753800460: Sending PINGRESP to auto-0A92714E-81ED-00D9-2068-7C0F6AE2F4B1
1753800502: New connection from 172.19.0.5:49368 on port 1883.
1753800502: New client connected from 172.19.0.5:49368 as auto-361CFFE9-D7AB-79F6-A36E-454578F1261F (p2, c1, k60).
1753800502: No will message specified.
1753800502: Sending CONNACK to auto-361CFFE9-D7AB-79F6-A36E-454578F1261F (0, 0)
1753800502: Received SUBSCRIBE from auto-361CFFE9-D7AB-79F6-A36E-454578F1261F
1753800502: 	aircraft/# (QoS 0)
1753800502: auto-361CFFE9-D7AB-79F6-A36E-454578F1261F 0 aircraft/#
1753800502: Sending SUBACK to auto-361CFFE9-D7AB-79F6-A36E-454578F1261F
1753800520: Received PINGREQ from auto-0A92714E-81ED-00D9-2068-7C0F6AE2F4B1
1753800520: Sending PINGRESP to auto-0A92714E-81ED-00D9-2068-7C0F6AE2F4B1
1753800549: New connection from 172.19.0.6:32896 on port 1883.
1753800549: New client connected from 172.19.0.6:32896 as auto-F6DE3E85-4EBE-1D9D-49F9-576D7207C3E5 (p2, c1, k60).
1753800549: No will message specified.
1753800549: Sending CONNACK to auto-F6DE3E85-4EBE-1D9D-49F9-576D7207C3E5 (0, 0)
1753800549: Received PUBLISH from auto-F6DE3E85-4EBE-1D9D-49F9-576D7207C3E5 (d0, q0, r0, m0, 'aircraft/engine/temperature', ... (166 bytes))
1753800549: Sending PUBLISH to auto-0A92714E-81ED-00D9-2068-7C0F6AE2F4B1 (d0, q0, r0, m0, 'aircraft/engine/temperature', ... (166 bytes))
1753800549: Sending PUBLISH to auto-361CFFE9-D7AB-79F6-A36E-454578F1261F (d0, q0, r0, m0, 'aircraft/engine/temperature', ... (166 bytes))
1753800549: Received DISCONNECT from auto-F6DE3E85-4EBE-1D9D-49F9-576D7207C3E5
1753800549: Client auto-F6DE3E85-4EBE-1D9D-49F9-576D7207C3E5 disconnected.
1753800562: Received PINGREQ from auto-361CFFE9-D7AB-79F6-A36E-454578F1261F
1753800562: Sending PINGRESP to auto-361CFFE9-D7AB-79F6-A36E-454578F1261F
1753800581: Received PINGREQ from auto-0A92714E-81ED-00D9-2068-7C0F6AE2F4B1
1753800581: Sending PINGRESP to auto-0A92714E-81ED-00D9-2068-7C0F6AE2F4B1
1753800622: Received PINGREQ from auto-361CFFE9-D7AB-79F6-A36E-454578F1261F
1753800622: Sending PINGRESP to auto-361CFFE9-D7AB-79F6-A36E-454578F1261F
1753800641: Received PINGREQ from auto-0A92714E-81ED-00D9-2068-7C0F6AE2F4B1
1753800641: Sending PINGRESP to auto-0A92714E-81ED-00D9-2068-7C0F6AE2F4B1
1753800682: Received PINGREQ from auto-361CFFE9-D7AB-79F6-A36E-454578F1261F
1753800682: Sending PINGRESP to auto-361CFFE9-D7AB-79F6-A36E-454578F1261F
1753800702: Received PINGREQ from auto-0A92714E-81ED-00D9-2068-7C0F6AE2F4B1
1753800702: Sending PINGRESP to auto-0A92714E-81ED-00D9-2068-7C0F6AE2F4B1
1753800742: Received PINGREQ from auto-361CFFE9-D7AB-79F6-A36E-454578F1261F
1753800742: Sending PINGRESP to auto-361CFFE9-D7AB-79F6-A36E-454578F1261F
1753800762: Received PINGREQ from auto-0A92714E-81ED-00D9-2068-7C0F6AE2F4B1
1753800762: Sending PINGRESP to auto-0A92714E-81ED-00D9-2068-7C0F6AE2F4B1
1753800802: Received PINGREQ from auto-361CFFE9-D7AB-79F6-A36E-454578F1261F
1753800802: Sending PINGRESP to auto-361CFFE9-D7AB-79F6-A36E-454578F1261F
1753800802: Received DISCONNECT from auto-361CFFE9-D7AB-79F6-A36E-454578F1261F
1753800802: Client auto-361CFFE9-D7AB-79F6-A36E-454578F1261F disconnected.
1753800808: Client auto-0A92714E-81ED-00D9-2068-7C0F6AE2F4B1 closed its connection.
1753800808: mosquitto version 2.0.22 terminating
1753800862: mosquitto version 2.0.22 starting
1753800862: Config loaded from /mosquitto/config/mosquitto.conf.
1753800862: Opening ipv4 listen socket on port 1883.
1753800862: Opening ipv6 listen socket on port 1883.
1753800862: Opening websockets listen socket on port 9001.
1753800862: mosquitto version 2.0.22 running
1753800867: New connection from 172.19.0.4:44739 on port 1883.
1753800867: New client connected from 172.19.0.4:44739 as auto-66D5009E-D44B-650C-7730-E83E4C4A134B (p2, c1, k60).
1753800867: No will message specified.
1753800867: Sending CONNACK to auto-66D5009E-D44B-650C-7730-E83E4C4A134B (0, 0)
1753800867: Received SUBSCRIBE from auto-66D5009E-D44B-650C-7730-E83E4C4A134B
1753800867: 	aircraft/# (QoS 0)
1753800867: auto-66D5009E-D44B-650C-7730-E83E4C4A134B 0 aircraft/#
1753800867: Sending SUBACK to auto-66D5009E-D44B-650C-7730-E83E4C4A134B
1753800887: New connection from 172.19.0.5:56762 on port 1883.
1753800887: New client connected from 172.19.0.5:56762 as auto-AF74EFAB-3E3C-1EF6-ED10-04184FF34882 (p2, c1, k60).
1753800887: No will message specified.
1753800887: Sending CONNACK to auto-AF74EFAB-3E3C-1EF6-ED10-04184FF34882 (0, 0)
1753800887: Received SUBSCRIBE from auto-AF74EFAB-3E3C-1EF6-ED10-04184FF34882
1753800887: 	aircraft/# (QoS 0)
1753800887: auto-AF74EFAB-3E3C-1EF6-ED10-04184FF34882 0 aircraft/#
1753800887: Sending SUBACK to auto-AF74EFAB-3E3C-1EF6-ED10-04184FF34882
1753800891: New connection from 172.19.0.6:35532 on port 1883.
1753800891: New client connected from 172.19.0.6:35532 as auto-E38ADE62-F221-A992-DB28-D6D93BDCC9D3 (p2, c1, k60).
1753800891: No will message specified.
1753800891: Sending CONNACK to auto-E38ADE62-F221-A992-DB28-D6D93BDCC9D3 (0, 0)
1753800891: Received PUBLISH from auto-E38ADE62-F221-A992-DB28-D6D93BDCC9D3 (d0, q0, r0, m0, 'aircraft/engine/temperature', ... (166 bytes))
1753800891: Sending PUBLISH to auto-66D5009E-D44B-650C-7730-E83E4C4A134B (d0, q0, r0, m0, 'aircraft/engine/temperature', ... (166 bytes))
1753800891: Sending PUBLISH to auto-AF74EFAB-3E3C-1EF6-ED10-04184FF34882 (d0, q0, r0, m0, 'aircraft/engine/temperature', ... (166 bytes))
1753800891: Received DISCONNECT from auto-E38ADE62-F221-A992-DB28-D6D93BDCC9D3
1753800891: Client auto-E38ADE62-F221-A992-DB28-D6D93BDCC9D3 disconnected.
1753800928: Received PINGREQ from auto-66D5009E-D44B-650C-7730-E83E4C4A134B
1753800928: Sending PINGRESP to auto-66D5009E-D44B-650C-7730-E83E4C4A134B
1753800947: Received PINGREQ from auto-AF74EFAB-3E3C-1EF6-ED10-04184FF34882
1753800947: Sending PINGRESP to auto-AF74EFAB-3E3C-1EF6-ED10-04184FF34882
1753800988: Received PINGREQ from auto-66D5009E-D44B-650C-7730-E83E4C4A134B
1753800988: Sending PINGRESP to auto-66D5009E-D44B-650C-7730-E83E4C4A134B
1753800989: Received DISCONNECT from auto-AF74EFAB-3E3C-1EF6-ED10-04184FF34882
1753800989: Client auto-AF74EFAB-3E3C-1EF6-ED10-04184FF34882 disconnected.
1753801005: Client auto-66D5009E-D44B-650C-7730-E83E4C4A134B closed its connection.
1753801005: mosquitto version 2.0.22 terminating
1753801018: mosquitto version 2.0.22 starting
1753801018: Config loaded from /mosquitto/config/mosquitto.conf.
1753801018: Opening ipv4 listen socket on port 1883.
1753801018: Opening ipv6 listen socket on port 1883.
1753801018: Opening websockets listen socket on port 9001.
1753801018: mosquitto version 2.0.22 running
1753801018: New connection from 172.19.0.4:39581 on port 1883.
1753801018: New client connected from 172.19.0.4:39581 as auto-2D577552-F2C7-15D1-C9B7-F87A5CA63F09 (p2, c1, k60).
1753801018: No will message specified.
1753801018: Sending CONNACK to auto-2D577552-F2C7-15D1-C9B7-F87A5CA63F09 (0, 0)
1753801018: Received SUBSCRIBE from auto-2D577552-F2C7-15D1-C9B7-F87A5CA63F09
1753801018: 	aircraft/# (QoS 0)
1753801018: auto-2D577552-F2C7-15D1-C9B7-F87A5CA63F09 0 aircraft/#
1753801018: Sending SUBACK to auto-2D577552-F2C7-15D1-C9B7-F87A5CA63F09
1753801032: New connection from 172.19.0.5:44878 on port 1883.
1753801032: New client connected from 172.19.0.5:44878 as auto-520499FD-BFBA-E22E-A435-C567581E4B65 (p2, c1, k60).
1753801032: No will message specified.
1753801032: Sending CONNACK to auto-520499FD-BFBA-E22E-A435-C567581E4B65 (0, 0)
1753801032: Received SUBSCRIBE from auto-520499FD-BFBA-E22E-A435-C567581E4B65
1753801032: 	aircraft/# (QoS 0)
1753801032: auto-520499FD-BFBA-E22E-A435-C567581E4B65 0 aircraft/#
1753801032: Sending SUBACK to auto-520499FD-BFBA-E22E-A435-C567581E4B65
1753801036: New connection from 172.19.0.6:43966 on port 1883.
1753801036: New client connected from 172.19.0.6:43966 as auto-5111E34B-CB5B-4A56-2363-FADDBCA0E5D4 (p2, c1, k60).
1753801036: No will message specified.
1753801036: Sending CONNACK to auto-5111E34B-CB5B-4A56-2363-FADDBCA0E5D4 (0, 0)
1753801036: Received PUBLISH from auto-5111E34B-CB5B-4A56-2363-FADDBCA0E5D4 (d0, q0, r0, m0, 'aircraft/engine/temperature', ... (166 bytes))
1753801036: Sending PUBLISH to auto-2D577552-F2C7-15D1-C9B7-F87A5CA63F09 (d0, q0, r0, m0, 'aircraft/engine/temperature', ... (166 bytes))
1753801036: Sending PUBLISH to auto-520499FD-BFBA-E22E-A435-C567581E4B65 (d0, q0, r0, m0, 'aircraft/engine/temperature', ... (166 bytes))
1753801036: Received DISCONNECT from auto-5111E34B-CB5B-4A56-2363-FADDBCA0E5D4
1753801036: Client auto-5111E34B-CB5B-4A56-2363-FADDBCA0E5D4 disconnected.
1753801078: Received PINGREQ from auto-2D577552-F2C7-15D1-C9B7-F87A5CA63F09
1753801078: Sending PINGRESP to auto-2D577552-F2C7-15D1-C9B7-F87A5CA63F09
1753801092: Received PINGREQ from auto-520499FD-BFBA-E22E-A435-C567581E4B65
1753801092: Sending PINGRESP to auto-520499FD-BFBA-E22E-A435-C567581E4B65
1753801139: Received PINGREQ from auto-2D577552-F2C7-15D1-C9B7-F87A5CA63F09
1753801139: Sending PINGRESP to auto-2D577552-F2C7-15D1-C9B7-F87A5CA63F09
1753801152: Received PINGREQ from auto-520499FD-BFBA-E22E-A435-C567581E4B65
1753801152: Sending PINGRESP to auto-520499FD-BFBA-E22E-A435-C567581E4B65
1753801199: Received PINGREQ from auto-2D577552-F2C7-15D1-C9B7-F87A5CA63F09
1753801199: Sending PINGRESP to auto-2D577552-F2C7-15D1-C9B7-F87A5CA63F09
1753801212: Received PINGREQ from auto-520499FD-BFBA-E22E-A435-C567581E4B65
1753801212: Sending PINGRESP to auto-520499FD-BFBA-E22E-A435-C567581E4B65
1753801259: Received PINGREQ from auto-2D577552-F2C7-15D1-C9B7-F87A5CA63F09
1753801259: Sending PINGRESP to auto-2D577552-F2C7-15D1-C9B7-F87A5CA63F09
1753801272: Received PINGREQ from auto-520499FD-BFBA-E22E-A435-C567581E4B65
1753801272: Sending PINGRESP to auto-520499FD-BFBA-E22E-A435-C567581E4B65
1753801319: Received PINGREQ from auto-2D577552-F2C7-15D1-C9B7-F87A5CA63F09
1753801319: Sending PINGRESP to auto-2D577552-F2C7-15D1-C9B7-F87A5CA63F09
1753801332: Received PINGREQ from auto-520499FD-BFBA-E22E-A435-C567581E4B65
1753801332: Sending PINGRESP to auto-520499FD-BFBA-E22E-A435-C567581E4B65
1753801380: Received PINGREQ from auto-2D577552-F2C7-15D1-C9B7-F87A5CA63F09
1753801380: Sending PINGRESP to auto-2D577552-F2C7-15D1-C9B7-F87A5CA63F09
1753801392: Received PINGREQ from auto-520499FD-BFBA-E22E-A435-C567581E4B65
1753801392: Sending PINGRESP to auto-520499FD-BFBA-E22E-A435-C567581E4B65
1753801440: Received PINGREQ from auto-2D577552-F2C7-15D1-C9B7-F87A5CA63F09
1753801440: Sending PINGRESP to auto-2D577552-F2C7-15D1-C9B7-F87A5CA63F09
1753801452: Received PINGREQ from auto-520499FD-BFBA-E22E-A435-C567581E4B65
1753801452: Sending PINGRESP to auto-520499FD-BFBA-E22E-A435-C567581E4B65
1753801500: Received PINGREQ from auto-2D577552-F2C7-15D1-C9B7-F87A5CA63F09
1753801500: Sending PINGRESP to auto-2D577552-F2C7-15D1-C9B7-F87A5CA63F09
1753801512: Received PINGREQ from auto-520499FD-BFBA-E22E-A435-C567581E4B65
1753801512: Sending PINGRESP to auto-520499FD-BFBA-E22E-A435-C567581E4B65
1753801561: Received PINGREQ from auto-2D577552-F2C7-15D1-C9B7-F87A5CA63F09
1753801561: Sending PINGRESP to auto-2D577552-F2C7-15D1-C9B7-F87A5CA63F09
1753801572: Received PINGREQ from auto-520499FD-BFBA-E22E-A435-C567581E4B65
1753801572: Sending PINGRESP to auto-520499FD-BFBA-E22E-A435-C567581E4B65
1753801621: Received PINGREQ from auto-2D577552-F2C7-15D1-C9B7-F87A5CA63F09
1753801621: Sending PINGRESP to auto-2D577552-F2C7-15D1-C9B7-F87A5CA63F09
1753801632: Received PINGREQ from auto-520499FD-BFBA-E22E-A435-C567581E4B65
1753801632: Sending PINGRESP to auto-520499FD-BFBA-E22E-A435-C567581E4B65
1753801681: Received PINGREQ from auto-2D577552-F2C7-15D1-C9B7-F87A5CA63F09
1753801681: Sending PINGRESP to auto-2D577552-F2C7-15D1-C9B7-F87A5CA63F09
1753801686: Client auto-2D577552-F2C7-15D1-C9B7-F87A5CA63F09 closed its connection.
1753801686: mosquitto version 2.0.22 terminating
1753801708: mosquitto version 2.0.22 starting
1753801708: Config loaded from /mosquitto/config/mosquitto.conf.
1753801708: Opening ipv4 listen socket on port 1883.
1753801708: Opening ipv6 listen socket on port 1883.
1753801708: Opening websockets listen socket on port 9001.
1753801708: mosquitto version 2.0.22 running
1753801708: New connection from 172.19.0.4:48601 on port 1883.
1753801708: New client connected from 172.19.0.4:48601 as auto-49BD5816-DCAA-4331-FC69-3C4E06A2090B (p2, c1, k60).
1753801708: No will message specified.
1753801708: Sending CONNACK to auto-49BD5816-DCAA-4331-FC69-3C4E06A2090B (0, 0)
1753801708: Received SUBSCRIBE from auto-49BD5816-DCAA-4331-FC69-3C4E06A2090B
1753801708: 	aircraft/# (QoS 0)
1753801708: auto-49BD5816-DCAA-4331-FC69-3C4E06A2090B 0 aircraft/#
1753801708: Sending SUBACK to auto-49BD5816-DCAA-4331-FC69-3C4E06A2090B
1753801709: New connection from 172.19.0.5:50898 on port 1883.
1753801709: New client connected from 172.19.0.5:50898 as auto-5FCCE414-4078-5B5D-AC77-188B76561D94 (p2, c1, k60).
1753801709: No will message specified.
1753801709: Sending CONNACK to auto-5FCCE414-4078-5B5D-AC77-188B76561D94 (0, 0)
1753801709: Received SUBSCRIBE from auto-5FCCE414-4078-5B5D-AC77-188B76561D94
1753801709: 	aircraft/# (QoS 0)
1753801709: auto-5FCCE414-4078-5B5D-AC77-188B76561D94 0 aircraft/#
1753801709: Sending SUBACK to auto-5FCCE414-4078-5B5D-AC77-188B76561D94
1753801722: Received DISCONNECT from auto-5FCCE414-4078-5B5D-AC77-188B76561D94
1753801722: Client auto-5FCCE414-4078-5B5D-AC77-188B76561D94 disconnected.
1753801725: New connection from 172.19.0.5:34438 on port 1883.
1753801725: New client connected from 172.19.0.5:34438 as auto-1F055405-06CB-6E22-576F-395F742A71CA (p2, c1, k60).
1753801725: No will message specified.
1753801725: Sending CONNACK to auto-1F055405-06CB-6E22-576F-395F742A71CA (0, 0)
1753801725: Received SUBSCRIBE from auto-1F055405-06CB-6E22-576F-395F742A71CA
1753801725: 	aircraft/# (QoS 0)
1753801725: auto-1F055405-06CB-6E22-576F-395F742A71CA 0 aircraft/#
1753801725: Sending SUBACK to auto-1F055405-06CB-6E22-576F-395F742A71CA
1753801733: New connection from 172.19.0.6:46540 on port 1883.
1753801733: New client connected from 172.19.0.6:46540 as auto-8582F343-46F6-2743-CECA-D39E45F44C86 (p2, c1, k60).
1753801733: No will message specified.
1753801733: Sending CONNACK to auto-8582F343-46F6-2743-CECA-D39E45F44C86 (0, 0)
1753801733: Received PUBLISH from auto-8582F343-46F6-2743-CECA-D39E45F44C86 (d0, q0, r0, m0, 'aircraft/engine/temperature', ... (166 bytes))
1753801733: Sending PUBLISH to auto-49BD5816-DCAA-4331-FC69-3C4E06A2090B (d0, q0, r0, m0, 'aircraft/engine/temperature', ... (166 bytes))
1753801733: Sending PUBLISH to auto-1F055405-06CB-6E22-576F-395F742A71CA (d0, q0, r0, m0, 'aircraft/engine/temperature', ... (166 bytes))
1753801733: Received DISCONNECT from auto-8582F343-46F6-2743-CECA-D39E45F44C86
1753801733: Client auto-8582F343-46F6-2743-CECA-D39E45F44C86 disconnected.
1753801769: Received PINGREQ from auto-49BD5816-DCAA-4331-FC69-3C4E06A2090B
1753801769: Sending PINGRESP to auto-49BD5816-DCAA-4331-FC69-3C4E06A2090B
1753801785: Received PINGREQ from auto-1F055405-06CB-6E22-576F-395F742A71CA
1753801785: Sending PINGRESP to auto-1F055405-06CB-6E22-576F-395F742A71CA
1753801829: Received PINGREQ from auto-49BD5816-DCAA-4331-FC69-3C4E06A2090B
1753801829: Sending PINGRESP to auto-49BD5816-DCAA-4331-FC69-3C4E06A2090B
1753801845: Received PINGREQ from auto-1F055405-06CB-6E22-576F-395F742A71CA
1753801845: Sending PINGRESP to auto-1F055405-06CB-6E22-576F-395F742A71CA
1753801890: Received PINGREQ from auto-49BD5816-DCAA-4331-FC69-3C4E06A2090B
1753801890: Sending PINGRESP to auto-49BD5816-DCAA-4331-FC69-3C4E06A2090B
1753801905: Received PINGREQ from auto-1F055405-06CB-6E22-576F-395F742A71CA
1753801905: Sending PINGRESP to auto-1F055405-06CB-6E22-576F-395F742A71CA
1753801950: Received PINGREQ from auto-49BD5816-DCAA-4331-FC69-3C4E06A2090B
1753801950: Sending PINGRESP to auto-49BD5816-DCAA-4331-FC69-3C4E06A2090B
1753801965: Received PINGREQ from auto-1F055405-06CB-6E22-576F-395F742A71CA
1753801965: Sending PINGRESP to auto-1F055405-06CB-6E22-576F-395F742A71CA
1753801973: Received DISCONNECT from auto-1F055405-06CB-6E22-576F-395F742A71CA
1753801973: Client auto-1F055405-06CB-6E22-576F-395F742A71CA disconnected.
1753801989: Client auto-49BD5816-DCAA-4331-FC69-3C4E06A2090B closed its connection.
1753801989: mosquitto version 2.0.22 terminating
1753802005: mosquitto version 2.0.22 starting
1753802005: Config loaded from /mosquitto/config/mosquitto.conf.
1753802005: Opening ipv4 listen socket on port 1883.
1753802005: Opening ipv6 listen socket on port 1883.
1753802005: Opening websockets listen socket on port 9001.
1753802005: mosquitto version 2.0.22 running
1753802005: New connection from 172.19.0.4:37519 on port 1883.
1753802005: New client connected from 172.19.0.4:37519 as auto-49563538-BB84-E515-0C7B-F59F4933EB84 (p2, c1, k60).
1753802005: No will message specified.
1753802005: Sending CONNACK to auto-49563538-BB84-E515-0C7B-F59F4933EB84 (0, 0)
1753802005: Received SUBSCRIBE from auto-49563538-BB84-E515-0C7B-F59F4933EB84
1753802005: 	aircraft/# (QoS 0)
1753802005: auto-49563538-BB84-E515-0C7B-F59F4933EB84 0 aircraft/#
1753802005: Sending SUBACK to auto-49563538-BB84-E515-0C7B-F59F4933EB84
1753802009: New connection from 172.19.0.5:45220 on port 1883.
1753802009: New client connected from 172.19.0.5:45220 as auto-A6A8FE5C-F190-EA78-5251-9D64F68DB3A2 (p2, c1, k60).
1753802009: No will message specified.
1753802009: Sending CONNACK to auto-A6A8FE5C-F190-EA78-5251-9D64F68DB3A2 (0, 0)
1753802009: Received SUBSCRIBE from auto-A6A8FE5C-F190-EA78-5251-9D64F68DB3A2
1753802009: 	aircraft/# (QoS 0)
1753802009: auto-A6A8FE5C-F190-EA78-5251-9D64F68DB3A2 0 aircraft/#
1753802009: Sending SUBACK to auto-A6A8FE5C-F190-EA78-5251-9D64F68DB3A2
1753802018: New connection from 172.19.0.6:51140 on port 1883.
1753802018: New client connected from 172.19.0.6:51140 as auto-25F0AE4F-01E7-A2D2-8300-BB7C2F57FB78 (p2, c1, k60).
1753802018: No will message specified.
1753802018: Sending CONNACK to auto-25F0AE4F-01E7-A2D2-8300-BB7C2F57FB78 (0, 0)
1753802018: Received PUBLISH from auto-25F0AE4F-01E7-A2D2-8300-BB7C2F57FB78 (d0, q0, r0, m0, 'aircraft/engine/temperature', ... (166 bytes))
1753802018: Sending PUBLISH to auto-49563538-BB84-E515-0C7B-F59F4933EB84 (d0, q0, r0, m0, 'aircraft/engine/temperature', ... (166 bytes))
1753802018: Sending PUBLISH to auto-A6A8FE5C-F190-EA78-5251-9D64F68DB3A2 (d0, q0, r0, m0, 'aircraft/engine/temperature', ... (166 bytes))
1753802018: Received DISCONNECT from auto-25F0AE4F-01E7-A2D2-8300-BB7C2F57FB78
1753802018: Client auto-25F0AE4F-01E7-A2D2-8300-BB7C2F57FB78 disconnected.
1753802065: Received PINGREQ from auto-49563538-BB84-E515-0C7B-F59F4933EB84
1753802065: Sending PINGRESP to auto-49563538-BB84-E515-0C7B-F59F4933EB84
1753802069: Received PINGREQ from auto-A6A8FE5C-F190-EA78-5251-9D64F68DB3A2
1753802069: Sending PINGRESP to auto-A6A8FE5C-F190-EA78-5251-9D64F68DB3A2
1753802126: Received PINGREQ from auto-49563538-BB84-E515-0C7B-F59F4933EB84
1753802126: Sending PINGRESP to auto-49563538-BB84-E515-0C7B-F59F4933EB84
1753802129: Received PINGREQ from auto-A6A8FE5C-F190-EA78-5251-9D64F68DB3A2
1753802129: Sending PINGRESP to auto-A6A8FE5C-F190-EA78-5251-9D64F68DB3A2
1753802186: Received PINGREQ from auto-49563538-BB84-E515-0C7B-F59F4933EB84
1753802186: Sending PINGRESP to auto-49563538-BB84-E515-0C7B-F59F4933EB84
1753802189: Received PINGREQ from auto-A6A8FE5C-F190-EA78-5251-9D64F68DB3A2
1753802189: Sending PINGRESP to auto-A6A8FE5C-F190-EA78-5251-9D64F68DB3A2
1753802246: Received PINGREQ from auto-49563538-BB84-E515-0C7B-F59F4933EB84
1753802246: Sending PINGRESP to auto-49563538-BB84-E515-0C7B-F59F4933EB84
1753802249: Received PINGREQ from auto-A6A8FE5C-F190-EA78-5251-9D64F68DB3A2
1753802249: Sending PINGRESP to auto-A6A8FE5C-F190-EA78-5251-9D64F68DB3A2
1753802307: Received PINGREQ from auto-49563538-BB84-E515-0C7B-F59F4933EB84
1753802307: Sending PINGRESP to auto-49563538-BB84-E515-0C7B-F59F4933EB84
1753802309: Received PINGREQ from auto-A6A8FE5C-F190-EA78-5251-9D64F68DB3A2
1753802309: Sending PINGRESP to auto-A6A8FE5C-F190-EA78-5251-9D64F68DB3A2
1753802367: Received PINGREQ from auto-49563538-BB84-E515-0C7B-F59F4933EB84
1753802367: Sending PINGRESP to auto-49563538-BB84-E515-0C7B-F59F4933EB84
1753804350: Received PINGREQ from auto-A6A8FE5C-F190-EA78-5251-9D64F68DB3A2
1753804350: Sending PINGRESP to auto-A6A8FE5C-F190-EA78-5251-9D64F68DB3A2
1753804372: New connection from 192.168.65.1:43226 on port 1883.
1753804372: New client connected from 192.168.65.1:43226 as AvastHNS (p1, c1, k10).
1753804372: No will message specified.
1753804372: Sending CONNACK to AvastHNS (0, 0)
1753804372: Received DISCONNECT from AvastHNS
1753804372: Client AvastHNS disconnected.
1753804372: New connection from 192.168.65.1:33438 on port 1883.
1753804372: New client connected from 192.168.65.1:33438 as AvastHNS (p2, c1, k10).
1753804372: No will message specified.
1753804372: Sending CONNACK to AvastHNS (0, 0)
1753804372: Received DISCONNECT from AvastHNS
1753804372: Client AvastHNS disconnected.
1753804373: New connection from 192.168.65.1:64410 on port 1883.
1753804373: New client connected from 192.168.65.1:64410 as AvastHNS (p5, c1, k10).
1753804373: No will message specified.
1753804373: Sending CONNACK to AvastHNS (0, 0)
1753804373: Received DISCONNECT from AvastHNS
1753804373: Client AvastHNS disconnected.
1753804373: New connection from 192.168.65.1:54429 on port 1883.
1753804373: New client connected from 192.168.65.1:54429 as AvastHNS (p5, c1, k5).
1753804373: No will message specified.
1753804373: Sending CONNACK to AvastHNS (0, 0)
1753804373: Received SUBSCRIBE from AvastHNS
1753804373: 	# (QoS 0)
1753804373: AvastHNS 0 #
1753804373: 	$SYS/# (QoS 0)
1753804373: AvastHNS 0 $SYS/#
1753804373: Sending SUBACK to AvastHNS
1753804373: Sending PUBLISH to AvastHNS (d0, q0, r1, m0, '$SYS/broker/version', ... (24 bytes))
1753804373: Sending PUBLISH to AvastHNS (d0, q0, r1, m0, '$SYS/broker/uptime', ... (11 bytes))
1753804373: Sending PUBLISH to AvastHNS (d0, q0, r1, m0, '$SYS/broker/clients/total', ... (1 bytes))
1753804373: Sending PUBLISH to AvastHNS (d0, q0, r1, m0, '$SYS/broker/clients/inactive', ... (1 bytes))
1753804373: Sending PUBLISH to AvastHNS (d0, q0, r1, m0, '$SYS/broker/clients/disconnected', ... (1 bytes))
1753804373: Sending PUBLISH to AvastHNS (d0, q0, r1, m0, '$SYS/broker/clients/active', ... (1 bytes))
1753804373: Sending PUBLISH to AvastHNS (d0, q0, r1, m0, '$SYS/broker/clients/connected', ... (1 bytes))
1753804373: Sending PUBLISH to AvastHNS (d0, q0, r1, m0, '$SYS/broker/clients/expired', ... (1 bytes))
1753804373: Sending PUBLISH to AvastHNS (d0, q0, r1, m0, '$SYS/broker/clients/maximum', ... (1 bytes))
1753804373: Sending PUBLISH to AvastHNS (d0, q0, r1, m0, '$SYS/broker/load/messages/received/1min', ... (4 bytes))
1753804373: Sending PUBLISH to AvastHNS (d0, q0, r1, m0, '$SYS/broker/load/messages/received/5min', ... (4 bytes))
1753804373: Sending PUBLISH to AvastHNS (d0, q0, r1, m0, '$SYS/broker/load/messages/received/15min', ... (4 bytes))
1753804373: Sending PUBLISH to AvastHNS (d0, q0, r1, m0, '$SYS/broker/load/messages/sent/1min', ... (4 bytes))
1753804373: Sending PUBLISH to AvastHNS (d0, q0, r1, m0, '$SYS/broker/load/messages/sent/5min', ... (4 bytes))
1753804373: Sending PUBLISH to AvastHNS (d0, q0, r1, m0, '$SYS/broker/load/messages/sent/15min', ... (4 bytes))
1753804373: Sending PUBLISH to AvastHNS (d0, q0, r1, m0, '$SYS/broker/load/publish/dropped/1min', ... (4 bytes))
1753804373: Sending PUBLISH to AvastHNS (d0, q0, r1, m0, '$SYS/broker/load/publish/dropped/5min', ... (4 bytes))
1753804373: Sending PUBLISH to AvastHNS (d0, q0, r1, m0, '$SYS/broker/load/publish/dropped/15min', ... (4 bytes))
1753804373: Sending PUBLISH to AvastHNS (d0, q0, r1, m0, '$SYS/broker/load/publish/received/1min', ... (4 bytes))
1753804373: Sending PUBLISH to AvastHNS (d0, q0, r1, m0, '$SYS/broker/load/publish/received/5min', ... (4 bytes))
1753804373: Sending PUBLISH to AvastHNS (d0, q0, r1, m0, '$SYS/broker/load/publish/received/15min', ... (4 bytes))
1753804373: Sending PUBLISH to AvastHNS (d0, q0, r1, m0, '$SYS/broker/load/publish/sent/1min', ... (4 bytes))
1753804373: Sending PUBLISH to AvastHNS (d0, q0, r1, m0, '$SYS/broker/load/publish/sent/5min', ... (4 bytes))
1753804373: Sending PUBLISH to AvastHNS (d0, q0, r1, m0, '$SYS/broker/load/publish/sent/15min', ... (4 bytes))
1753804373: Sending PUBLISH to AvastHNS (d0, q0, r1, m0, '$SYS/broker/load/bytes/received/1min', ... (4 bytes))
1753804373: Sending PUBLISH to AvastHNS (d0, q0, r1, m0, '$SYS/broker/load/bytes/received/5min', ... (5 bytes))
1753804373: Sending PUBLISH to AvastHNS (d0, q0, r1, m0, '$SYS/broker/load/bytes/received/15min', ... (5 bytes))
1753804373: Sending PUBLISH to AvastHNS (d0, q0, r1, m0, '$SYS/broker/load/bytes/sent/1min', ... (4 bytes))
1753804373: Sending PUBLISH to AvastHNS (d0, q0, r1, m0, '$SYS/broker/load/bytes/sent/5min', ... (5 bytes))
1753804373: Sending PUBLISH to AvastHNS (d0, q0, r1, m0, '$SYS/broker/load/bytes/sent/15min', ... (5 bytes))
1753804373: Sending PUBLISH to AvastHNS (d0, q0, r1, m0, '$SYS/broker/load/sockets/1min', ... (4 bytes))
1753804373: Sending PUBLISH to AvastHNS (d0, q0, r1, m0, '$SYS/broker/load/sockets/5min', ... (4 bytes))
1753804373: Sending PUBLISH to AvastHNS (d0, q0, r1, m0, '$SYS/broker/load/sockets/15min', ... (4 bytes))
1753804373: Sending PUBLISH to AvastHNS (d0, q0, r1, m0, '$SYS/broker/load/connections/1min', ... (4 bytes))
1753804373: Sending PUBLISH to AvastHNS (d0, q0, r1, m0, '$SYS/broker/load/connections/5min', ... (4 bytes))
1753804373: Sending PUBLISH to AvastHNS (d0, q0, r1, m0, '$SYS/broker/load/connections/15min', ... (4 bytes))
1753804373: Sending PUBLISH to AvastHNS (d0, q0, r1, m0, '$SYS/broker/messages/stored', ... (2 bytes))
1753804373: Sending PUBLISH to AvastHNS (d0, q0, r1, m0, '$SYS/broker/messages/received', ... (2 bytes))
1753804373: Sending PUBLISH to AvastHNS (d0, q0, r1, m0, '$SYS/broker/messages/sent', ... (2 bytes))
1753804373: Sending PUBLISH to AvastHNS (d0, q0, r1, m0, '$SYS/broker/store/messages/count', ... (2 bytes))
1753804373: Sending PUBLISH to AvastHNS (d0, q0, r1, m0, '$SYS/broker/store/messages/bytes', ... (3 bytes))
1753804373: Sending PUBLISH to AvastHNS (d0, q0, r1, m0, '$SYS/broker/subscriptions/count', ... (1 bytes))
1753804373: Sending PUBLISH to AvastHNS (d0, q0, r1, m0, '$SYS/broker/shared_subscriptions/count', ... (1 bytes))
1753804373: Sending PUBLISH to AvastHNS (d0, q0, r1, m0, '$SYS/broker/retained messages/count', ... (2 bytes))
1753804373: Sending PUBLISH to AvastHNS (d0, q0, r1, m0, '$SYS/broker/publish/messages/dropped', ... (1 bytes))
1753804373: Sending PUBLISH to AvastHNS (d0, q0, r1, m0, '$SYS/broker/publish/messages/received', ... (1 bytes))
1753804373: Sending PUBLISH to AvastHNS (d0, q0, r1, m0, '$SYS/broker/publish/messages/sent', ... (1 bytes))
1753804373: Sending PUBLISH to AvastHNS (d0, q0, r1, m0, '$SYS/broker/publish/bytes/received', ... (3 bytes))
1753804373: Sending PUBLISH to AvastHNS (d0, q0, r1, m0, '$SYS/broker/publish/bytes/sent', ... (3 bytes))
1753804373: Sending PUBLISH to AvastHNS (d0, q0, r1, m0, '$SYS/broker/bytes/received', ... (3 bytes))
1753804373: Sending PUBLISH to AvastHNS (d0, q0, r1, m0, '$SYS/broker/bytes/sent', ... (3 bytes))
1753804375: Received SUBSCRIBE from AvastHNS
1753804375: 	avast/hns/mqtt-publish-test (QoS 0)
1753804375: AvastHNS 0 avast/hns/mqtt-publish-test
1753804375: Sending SUBACK to AvastHNS
1753804375: Received PUBLISH from AvastHNS (d0, q1, r0, m44252, 'avast/hns/mqtt-publish-test', ... (17 bytes))
1753804375: Sending PUBLISH to AvastHNS (d0, q0, r0, m0, 'avast/hns/mqtt-publish-test', ... (17 bytes))
1753804375: Sending PUBLISH to AvastHNS (d0, q0, r0, m0, 'avast/hns/mqtt-publish-test', ... (17 bytes))
1753804375: Sending PUBACK to AvastHNS (m44252, rc0)
1753804377: Received DISCONNECT from AvastHNS
1753804377: Client AvastHNS disconnected.
1753808704: Client auto-49563538-BB84-E515-0C7B-F59F4933EB84 closed its connection.
1753808704: mosquitto version 2.0.22 terminating
1753808763: mosquitto version 2.0.22 starting
1753808763: Config loaded from /mosquitto/config/mosquitto.conf.
1753808763: Opening ipv4 listen socket on port 1883.
1753808763: Opening ipv6 listen socket on port 1883.
1753808763: Opening websockets listen socket on port 9001.
1753808763: mosquitto version 2.0.22 running
1753808763: New connection from 172.19.0.4:47343 on port 1883.
1753808763: New client connected from 172.19.0.4:47343 as auto-4BE83B44-D97E-23DD-189E-8747BADF27C9 (p2, c1, k60).
1753808763: No will message specified.
1753808763: Sending CONNACK to auto-4BE83B44-D97E-23DD-189E-8747BADF27C9 (0, 0)
1753808763: Received SUBSCRIBE from auto-4BE83B44-D97E-23DD-189E-8747BADF27C9
1753808763: 	aircraft/# (QoS 0)
1753808763: auto-4BE83B44-D97E-23DD-189E-8747BADF27C9 0 aircraft/#
1753808763: Sending SUBACK to auto-4BE83B44-D97E-23DD-189E-8747BADF27C9
1753808770: New connection from 172.19.0.5:51316 on port 1883.
1753808770: New client connected from 172.19.0.5:51316 as auto-B03C6CFE-025E-9724-5FA4-7D5107C1E6CF (p2, c1, k60).
1753808770: No will message specified.
1753808770: Sending CONNACK to auto-B03C6CFE-025E-9724-5FA4-7D5107C1E6CF (0, 0)
1753808770: Received SUBSCRIBE from auto-B03C6CFE-025E-9724-5FA4-7D5107C1E6CF
1753808770: 	aircraft/# (QoS 0)
1753808770: auto-B03C6CFE-025E-9724-5FA4-7D5107C1E6CF 0 aircraft/#
1753808770: Sending SUBACK to auto-B03C6CFE-025E-9724-5FA4-7D5107C1E6CF
1753808803: New connection from 172.19.0.6:34904 on port 1883.
1753808803: New client connected from 172.19.0.6:34904 as auto-8F0BC9B8-04BF-E86A-95EA-63C5FDFB8D27 (p2, c1, k60).
1753808803: No will message specified.
1753808803: Sending CONNACK to auto-8F0BC9B8-04BF-E86A-95EA-63C5FDFB8D27 (0, 0)
1753808803: Received PUBLISH from auto-8F0BC9B8-04BF-E86A-95EA-63C5FDFB8D27 (d0, q0, r0, m0, 'aircraft/engine/temperature', ... (166 bytes))
1753808803: Sending PUBLISH to auto-4BE83B44-D97E-23DD-189E-8747BADF27C9 (d0, q0, r0, m0, 'aircraft/engine/temperature', ... (166 bytes))
1753808803: Sending PUBLISH to auto-B03C6CFE-025E-9724-5FA4-7D5107C1E6CF (d0, q0, r0, m0, 'aircraft/engine/temperature', ... (166 bytes))
1753808803: Received DISCONNECT from auto-8F0BC9B8-04BF-E86A-95EA-63C5FDFB8D27
1753808803: Client auto-8F0BC9B8-04BF-E86A-95EA-63C5FDFB8D27 disconnected.
1753808824: Received PINGREQ from auto-4BE83B44-D97E-23DD-189E-8747BADF27C9
1753808824: Sending PINGRESP to auto-4BE83B44-D97E-23DD-189E-8747BADF27C9
1753808830: Received PINGREQ from auto-B03C6CFE-025E-9724-5FA4-7D5107C1E6CF
1753808830: Sending PINGRESP to auto-B03C6CFE-025E-9724-5FA4-7D5107C1E6CF
1753808858: Client auto-4BE83B44-D97E-23DD-189E-8747BADF27C9 closed its connection.
1753808858: mosquitto version 2.0.22 terminating
1753808917: mosquitto version 2.0.22 starting
1753808917: Config loaded from /mosquitto/config/mosquitto.conf.
1753808917: Opening ipv4 listen socket on port 1883.
1753808917: Opening ipv6 listen socket on port 1883.
1753808917: Opening websockets listen socket on port 9001.
1753808917: mosquitto version 2.0.22 running
1753808918: New connection from 172.19.0.4:57297 on port 1883.
1753808918: New client connected from 172.19.0.4:57297 as auto-E03DB18A-59C8-4D45-3342-E8CB96CF1D17 (p2, c1, k60).
1753808918: No will message specified.
1753808918: Sending CONNACK to auto-E03DB18A-59C8-4D45-3342-E8CB96CF1D17 (0, 0)
1753808918: Received SUBSCRIBE from auto-E03DB18A-59C8-4D45-3342-E8CB96CF1D17
1753808918: 	aircraft/# (QoS 0)
1753808918: auto-E03DB18A-59C8-4D45-3342-E8CB96CF1D17 0 aircraft/#
1753808918: Sending SUBACK to auto-E03DB18A-59C8-4D45-3342-E8CB96CF1D17
1753808918: New connection from 172.19.0.5:38576 on port 1883.
1753808918: New client connected from 172.19.0.5:38576 as auto-68312716-2DC6-C335-5BEF-584C3464EEF4 (p2, c1, k60).
1753808918: No will message specified.
1753808918: Sending CONNACK to auto-68312716-2DC6-C335-5BEF-584C3464EEF4 (0, 0)
1753808918: Received SUBSCRIBE from auto-68312716-2DC6-C335-5BEF-584C3464EEF4
1753808918: 	aircraft/# (QoS 0)
1753808918: auto-68312716-2DC6-C335-5BEF-584C3464EEF4 0 aircraft/#
1753808918: Sending SUBACK to auto-68312716-2DC6-C335-5BEF-584C3464EEF4
1753808927: Received DISCONNECT from auto-68312716-2DC6-C335-5BEF-584C3464EEF4
1753808927: Client auto-68312716-2DC6-C335-5BEF-584C3464EEF4 disconnected.
1753808929: New connection from 172.19.0.5:50780 on port 1883.
1753808929: New client connected from 172.19.0.5:50780 as auto-50501E81-8B2F-CD92-94F8-0BE276389FDB (p2, c1, k60).
1753808929: No will message specified.
1753808929: Sending CONNACK to auto-50501E81-8B2F-CD92-94F8-0BE276389FDB (0, 0)
1753808929: Received SUBSCRIBE from auto-50501E81-8B2F-CD92-94F8-0BE276389FDB
1753808929: 	aircraft/# (QoS 0)
1753808929: auto-50501E81-8B2F-CD92-94F8-0BE276389FDB 0 aircraft/#
1753808929: Sending SUBACK to auto-50501E81-8B2F-CD92-94F8-0BE276389FDB
1753808934: New connection from 172.19.0.6:40394 on port 1883.
1753808934: New client connected from 172.19.0.6:40394 as auto-C3C48A55-83C4-F90B-89FD-F6317C0E19EF (p2, c1, k60).
1753808934: No will message specified.
1753808934: Sending CONNACK to auto-C3C48A55-83C4-F90B-89FD-F6317C0E19EF (0, 0)
1753808934: Received PUBLISH from auto-C3C48A55-83C4-F90B-89FD-F6317C0E19EF (d0, q0, r0, m0, 'aircraft/engine/temperature', ... (166 bytes))
1753808934: Sending PUBLISH to auto-E03DB18A-59C8-4D45-3342-E8CB96CF1D17 (d0, q0, r0, m0, 'aircraft/engine/temperature', ... (166 bytes))
1753808934: Sending PUBLISH to auto-50501E81-8B2F-CD92-94F8-0BE276389FDB (d0, q0, r0, m0, 'aircraft/engine/temperature', ... (166 bytes))
1753808934: Received DISCONNECT from auto-C3C48A55-83C4-F90B-89FD-F6317C0E19EF
1753808934: Client auto-C3C48A55-83C4-F90B-89FD-F6317C0E19EF disconnected.
1753808978: Received PINGREQ from auto-E03DB18A-59C8-4D45-3342-E8CB96CF1D17
1753808978: Sending PINGRESP to auto-E03DB18A-59C8-4D45-3342-E8CB96CF1D17
1753808988: Received PINGREQ from auto-50501E81-8B2F-CD92-94F8-0BE276389FDB
1753808988: Sending PINGRESP to auto-50501E81-8B2F-CD92-94F8-0BE276389FDB
1753809038: Received PINGREQ from auto-E03DB18A-59C8-4D45-3342-E8CB96CF1D17
1753809038: Sending PINGRESP to auto-E03DB18A-59C8-4D45-3342-E8CB96CF1D17
1753809049: Received PINGREQ from auto-50501E81-8B2F-CD92-94F8-0BE276389FDB
1753809049: Sending PINGRESP to auto-50501E81-8B2F-CD92-94F8-0BE276389FDB
1753809099: Received PINGREQ from auto-E03DB18A-59C8-4D45-3342-E8CB96CF1D17
1753809099: Sending PINGRESP to auto-E03DB18A-59C8-4D45-3342-E8CB96CF1D17
1753809109: Received PINGREQ from auto-50501E81-8B2F-CD92-94F8-0BE276389FDB
1753809109: Sending PINGRESP to auto-50501E81-8B2F-CD92-94F8-0BE276389FDB
1753809159: Received PINGREQ from auto-E03DB18A-59C8-4D45-3342-E8CB96CF1D17
1753809159: Sending PINGRESP to auto-E03DB18A-59C8-4D45-3342-E8CB96CF1D17
1753809169: Received PINGREQ from auto-50501E81-8B2F-CD92-94F8-0BE276389FDB
1753809169: Sending PINGRESP to auto-50501E81-8B2F-CD92-94F8-0BE276389FDB
1753809219: Received PINGREQ from auto-E03DB18A-59C8-4D45-3342-E8CB96CF1D17
1753809219: Sending PINGRESP to auto-E03DB18A-59C8-4D45-3342-E8CB96CF1D17
1753809228: Received PINGREQ from auto-50501E81-8B2F-CD92-94F8-0BE276389FDB
1753809228: Sending PINGRESP to auto-50501E81-8B2F-CD92-94F8-0BE276389FDB
1753809280: Received PINGREQ from auto-E03DB18A-59C8-4D45-3342-E8CB96CF1D17
1753809280: Sending PINGRESP to auto-E03DB18A-59C8-4D45-3342-E8CB96CF1D17
1753809289: Received PINGREQ from auto-50501E81-8B2F-CD92-94F8-0BE276389FDB
1753809289: Sending PINGRESP to auto-50501E81-8B2F-CD92-94F8-0BE276389FDB
1753809309: Client auto-E03DB18A-59C8-4D45-3342-E8CB96CF1D17 closed its connection.
1753809309: mosquitto version 2.0.22 terminating
1753809938: mosquitto version 2.0.22 starting
1753809938: Config loaded from /mosquitto/config/mosquitto.conf.
1753809938: Opening ipv4 listen socket on port 1883.
1753809938: Opening ipv6 listen socket on port 1883.
1753809938: Opening websockets listen socket on port 9001.
1753809938: mosquitto version 2.0.22 running
1753809939: New connection from 172.19.0.4:59647 on port 1883.
1753809939: New client connected from 172.19.0.4:59647 as auto-0AD38752-DDE1-420A-5A7A-99943B424EDE (p2, c1, k60).
1753809939: No will message specified.
1753809939: Sending CONNACK to auto-0AD38752-DDE1-420A-5A7A-99943B424EDE (0, 0)
1753809939: Received SUBSCRIBE from auto-0AD38752-DDE1-420A-5A7A-99943B424EDE
1753809939: 	aircraft/# (QoS 0)
1753809939: auto-0AD38752-DDE1-420A-5A7A-99943B424EDE 0 aircraft/#
1753809939: Sending SUBACK to auto-0AD38752-DDE1-420A-5A7A-99943B424EDE
1753809999: Received PINGREQ from auto-0AD38752-DDE1-420A-5A7A-99943B424EDE
1753809999: Sending PINGRESP to auto-0AD38752-DDE1-420A-5A7A-99943B424EDE
1753810052: Client auto-0AD38752-DDE1-420A-5A7A-99943B424EDE closed its connection.
1753810052: mosquitto version 2.0.22 terminating
1753810054: mosquitto version 2.0.22 starting
1753810054: Config loaded from /mosquitto/config/mosquitto.conf.
1753810054: Opening ipv4 listen socket on port 1883.
1753810054: Opening ipv6 listen socket on port 1883.
1753810054: Opening websockets listen socket on port 9001.
1753810054: mosquitto version 2.0.22 running
1753810055: New connection from 172.19.0.4:43859 on port 1883.
1753810055: New client connected from 172.19.0.4:43859 as auto-AB793BF6-4705-3D46-53DE-83A3DA0D53C8 (p2, c1, k60).
1753810055: No will message specified.
1753810055: Sending CONNACK to auto-AB793BF6-4705-3D46-53DE-83A3DA0D53C8 (0, 0)
1753810055: Received SUBSCRIBE from auto-AB793BF6-4705-3D46-53DE-83A3DA0D53C8
1753810055: 	aircraft/# (QoS 0)
1753810055: auto-AB793BF6-4705-3D46-53DE-83A3DA0D53C8 0 aircraft/#
1753810055: Sending SUBACK to auto-AB793BF6-4705-3D46-53DE-83A3DA0D53C8
1753810115: Received PINGREQ from auto-AB793BF6-4705-3D46-53DE-83A3DA0D53C8
1753810115: Sending PINGRESP to auto-AB793BF6-4705-3D46-53DE-83A3DA0D53C8
1753810205: Received PINGREQ from auto-AB793BF6-4705-3D46-53DE-83A3DA0D53C8
1753810205: Sending PINGRESP to auto-AB793BF6-4705-3D46-53DE-83A3DA0D53C8
1753810265: Received PINGREQ from auto-AB793BF6-4705-3D46-53DE-83A3DA0D53C8
1753810265: Sending PINGRESP to auto-AB793BF6-4705-3D46-53DE-83A3DA0D53C8
1753810326: Received PINGREQ from auto-AB793BF6-4705-3D46-53DE-83A3DA0D53C8
1753810326: Sending PINGRESP to auto-AB793BF6-4705-3D46-53DE-83A3DA0D53C8
1753810386: Received PINGREQ from auto-AB793BF6-4705-3D46-53DE-83A3DA0D53C8
1753810386: Sending PINGRESP to auto-AB793BF6-4705-3D46-53DE-83A3DA0D53C8
1753810446: Received PINGREQ from auto-AB793BF6-4705-3D46-53DE-83A3DA0D53C8
1753810446: Sending PINGRESP to auto-AB793BF6-4705-3D46-53DE-83A3DA0D53C8
1753810505: Client auto-AB793BF6-4705-3D46-53DE-83A3DA0D53C8 closed its connection.
1753810505: mosquitto version 2.0.22 terminating
1753810508: mosquitto version 2.0.22 starting
1753810508: Config loaded from /mosquitto/config/mosquitto.conf.
1753810508: Opening ipv4 listen socket on port 1883.
1753810508: Opening ipv6 listen socket on port 1883.
1753810508: Opening websockets listen socket on port 9001.
1753810508: mosquitto version 2.0.22 running
1753810508: New connection from 172.19.0.4:60339 on port 1883.
1753810508: New client connected from 172.19.0.4:60339 as auto-FEEE7542-4951-7FD1-02BB-A88E40F278E8 (p2, c1, k60).
1753810508: No will message specified.
1753810508: Sending CONNACK to auto-FEEE7542-4951-7FD1-02BB-A88E40F278E8 (0, 0)
1753810508: Received SUBSCRIBE from auto-FEEE7542-4951-7FD1-02BB-A88E40F278E8
1753810508: 	aircraft/# (QoS 0)
1753810508: auto-FEEE7542-4951-7FD1-02BB-A88E40F278E8 0 aircraft/#
1753810508: Sending SUBACK to auto-FEEE7542-4951-7FD1-02BB-A88E40F278E8
1753810568: Received PINGREQ from auto-FEEE7542-4951-7FD1-02BB-A88E40F278E8
1753810568: Sending PINGRESP to auto-FEEE7542-4951-7FD1-02BB-A88E40F278E8
1753810629: Received PINGREQ from auto-FEEE7542-4951-7FD1-02BB-A88E40F278E8
1753810629: Sending PINGRESP to auto-FEEE7542-4951-7FD1-02BB-A88E40F278E8
1753810671: Client auto-FEEE7542-4951-7FD1-02BB-A88E40F278E8 closed its connection.
1753810671: mosquitto version 2.0.22 terminating
1753810701: mosquitto version 2.0.22 starting
1753810701: Config loaded from /mosquitto/config/mosquitto.conf.
1753810701: Opening ipv4 listen socket on port 1883.
1753810701: Opening ipv6 listen socket on port 1883.
1753810701: Opening websockets listen socket on port 9001.
1753810701: mosquitto version 2.0.22 running
1753810701: New connection from 172.19.0.4:37691 on port 1883.
1753810701: New client connected from 172.19.0.4:37691 as auto-9F66D75A-CC18-351C-9742-D0A13D5CACB2 (p2, c1, k60).
1753810701: No will message specified.
1753810701: Sending CONNACK to auto-9F66D75A-CC18-351C-9742-D0A13D5CACB2 (0, 0)
1753810701: Received SUBSCRIBE from auto-9F66D75A-CC18-351C-9742-D0A13D5CACB2
1753810701: 	aircraft/# (QoS 0)
1753810701: auto-9F66D75A-CC18-351C-9742-D0A13D5CACB2 0 aircraft/#
1753810701: Sending SUBACK to auto-9F66D75A-CC18-351C-9742-D0A13D5CACB2
1753810761: Received PINGREQ from auto-9F66D75A-CC18-351C-9742-D0A13D5CACB2
1753810761: Sending PINGRESP to auto-9F66D75A-CC18-351C-9742-D0A13D5CACB2
1753810822: Received PINGREQ from auto-9F66D75A-CC18-351C-9742-D0A13D5CACB2
1753810822: Sending PINGRESP to auto-9F66D75A-CC18-351C-9742-D0A13D5CACB2
1753810824: Client auto-9F66D75A-CC18-351C-9742-D0A13D5CACB2 closed its connection.
1753810824: mosquitto version 2.0.22 terminating
